<?xml version="1.0" encoding="UTF-8"?>
<!-- Generated by org.testng.reporters.JUnitXMLReporter -->
<testsuite ignored="0" hostname="DESKTOP-D6DO249" failures="1" tests="1" name="Login Test(failed)" time="0.487" errors="0" timestamp="2022-05-02T15:39:54 EDT">
  <testcase classname="testcases.LoginTest" name="login" time="0.01">
    <failure type="java.lang.AssertionError" message="404 Error">
      <![CDATA[java.lang.AssertionError: 404 Error
at testcases.LoginTest.login(LoginTest.java:77)
at java.base/java.util.ArrayList.forEach(ArrayList.java:1511)
... Removed 26 stack frames]]>
    </failure>
  </testcase> <!-- login -->
</testsuite> <!-- Login Test(failed) -->
