<?xml version="1.0" encoding="UTF-8"?>
<!-- Generated by org.testng.reporters.JUnitXMLReporter -->
<testsuite ignored="0" hostname="DESKTOP-D6DO249" failures="0" tests="6" name="Default test" time="0.04" errors="0" timestamp="2022-04-08T14:45:32 CDT">
  <testcase classname="TestCases.suitea.CreateUser" name="createUser" time="0.009"/>
  <testcase classname="TestCases.suitea.CreateUser" name="createUser" time="0.001"/>
  <testcase classname="TestCases.suitea.CreateUser" name="createUser" time="0.0"/>
  <testcase classname="TestCases.suitea.CreateUser" name="deleteUser" time="0.001"/>
  <testcase classname="TestCases.suitea.CreateUser" name="deleteUser" time="0.001"/>
  <testcase classname="TestCases.suitea.CreateUser" name="deleteUser" time="0.001"/>
</testsuite> <!-- Default test -->
