<?xml version="1.0" encoding="UTF-8"?>
<testng-results ignored="0" total="6" passed="6" failed="0" skipped="0">
  <reporter-output>
  </reporter-output>
  <suite started-at="2022-04-08T14:45:32 CDT" name="Default suite" finished-at="2022-04-08T14:45:32 CDT" duration-ms="40">
    <groups>
    </groups>
    <test started-at="2022-04-08T14:45:32 CDT" name="Default test" finished-at="2022-04-08T14:45:32 CDT" duration-ms="40">
      <class name="TestCases.suitea.CreateUser">
        <test-method signature="createUser(java.lang.String, java.lang.String, int, java.lang.String)[pri:0, instance:TestCases.suitea.CreateUser@2cbb3d47]" started-at="2022-04-08T14:45:32 CDT" name="createUser" data-provider="getData" finished-at="2022-04-08T14:45:32 CDT" duration-ms="9" status="PASS">
          <params>
            <param index="0">
              <value>
                <![CDATA[Chrome]]>
              </value>
            </param>
            <param index="1">
              <value>
                <![CDATA[Admin]]>
              </value>
            </param>
            <param index="2">
              <value>
                <![CDATA[123456]]>
              </value>
            </param>
            <param index="3">
              <value>
                <![CDATA[email1@somedomail.com]]>
              </value>
            </param>
          </params>
          <reporter-output>
          </reporter-output>
        </test-method> <!-- createUser -->
        <test-method signature="createUser(java.lang.String, java.lang.String, int, java.lang.String)[pri:0, instance:TestCases.suitea.CreateUser@2cbb3d47]" started-at="2022-04-08T14:45:32 CDT" name="createUser" data-provider="getData" finished-at="2022-04-08T14:45:32 CDT" duration-ms="1" status="PASS">
          <params>
            <param index="0">
              <value>
                <![CDATA[Mozilla]]>
              </value>
            </param>
            <param index="1">
              <value>
                <![CDATA[SuperAdmin]]>
              </value>
            </param>
            <param index="2">
              <value>
                <![CDATA[456789]]>
              </value>
            </param>
            <param index="3">
              <value>
                <![CDATA[email2@somedomail.com]]>
              </value>
            </param>
          </params>
          <reporter-output>
          </reporter-output>
        </test-method> <!-- createUser -->
        <test-method signature="createUser(java.lang.String, java.lang.String, int, java.lang.String)[pri:0, instance:TestCases.suitea.CreateUser@2cbb3d47]" started-at="2022-04-08T14:45:32 CDT" name="createUser" data-provider="getData" finished-at="2022-04-08T14:45:32 CDT" duration-ms="0" status="PASS">
          <params>
            <param index="0">
              <value>
                <![CDATA[iE]]>
              </value>
            </param>
            <param index="1">
              <value>
                <![CDATA[User]]>
              </value>
            </param>
            <param index="2">
              <value>
                <![CDATA[234567]]>
              </value>
            </param>
            <param index="3">
              <value>
                <![CDATA[email3@somedomail.com]]>
              </value>
            </param>
          </params>
          <reporter-output>
          </reporter-output>
        </test-method> <!-- createUser -->
        <test-method signature="deleteUser(java.lang.String, java.lang.String, int, java.lang.String)[pri:0, instance:TestCases.suitea.CreateUser@2cbb3d47]" started-at="2022-04-08T14:45:32 CDT" name="deleteUser" data-provider="getData" finished-at="2022-04-08T14:45:32 CDT" duration-ms="1" status="PASS">
          <params>
            <param index="0">
              <value>
                <![CDATA[Chrome]]>
              </value>
            </param>
            <param index="1">
              <value>
                <![CDATA[Admin]]>
              </value>
            </param>
            <param index="2">
              <value>
                <![CDATA[123456]]>
              </value>
            </param>
            <param index="3">
              <value>
                <![CDATA[email1@somedomail.com]]>
              </value>
            </param>
          </params>
          <reporter-output>
          </reporter-output>
        </test-method> <!-- deleteUser -->
        <test-method signature="deleteUser(java.lang.String, java.lang.String, int, java.lang.String)[pri:0, instance:TestCases.suitea.CreateUser@2cbb3d47]" started-at="2022-04-08T14:45:32 CDT" name="deleteUser" data-provider="getData" finished-at="2022-04-08T14:45:32 CDT" duration-ms="1" status="PASS">
          <params>
            <param index="0">
              <value>
                <![CDATA[Mozilla]]>
              </value>
            </param>
            <param index="1">
              <value>
                <![CDATA[SuperAdmin]]>
              </value>
            </param>
            <param index="2">
              <value>
                <![CDATA[456789]]>
              </value>
            </param>
            <param index="3">
              <value>
                <![CDATA[email2@somedomail.com]]>
              </value>
            </param>
          </params>
          <reporter-output>
          </reporter-output>
        </test-method> <!-- deleteUser -->
        <test-method signature="deleteUser(java.lang.String, java.lang.String, int, java.lang.String)[pri:0, instance:TestCases.suitea.CreateUser@2cbb3d47]" started-at="2022-04-08T14:45:32 CDT" name="deleteUser" data-provider="getData" finished-at="2022-04-08T14:45:32 CDT" duration-ms="1" status="PASS">
          <params>
            <param index="0">
              <value>
                <![CDATA[iE]]>
              </value>
            </param>
            <param index="1">
              <value>
                <![CDATA[User]]>
              </value>
            </param>
            <param index="2">
              <value>
                <![CDATA[234567]]>
              </value>
            </param>
            <param index="3">
              <value>
                <![CDATA[email3@somedomail.com]]>
              </value>
            </param>
          </params>
          <reporter-output>
          </reporter-output>
        </test-method> <!-- deleteUser -->
      </class> <!-- TestCases.suitea.CreateUser -->
    </test> <!-- Default test -->
  </suite> <!-- Default suite -->
</testng-results>
