<?xml version="1.0" encoding="UTF-8"?>
<!-- Generated by org.testng.reporters.JUnitXMLReporter -->
<testsuite hostname="LAPTOP-5DO4UKIQ" ignored="0" name="create user Test" tests="6" failures="0" timestamp="2022-03-25T13:55:49 EDT" time="0.135" errors="0">
  <testcase name="createUser" time="0.004" classname="TestCases.suitea.CreateUser"/>
  <testcase name="createUser" time="0.006" classname="TestCases.suitea.CreateUser"/>
  <testcase name="createUser" time="0.009" classname="TestCases.suitea.CreateUser"/>
  <testcase name="deleteUser" time="0.006" classname="TestCases.suitea.CreateUser"/>
  <testcase name="deleteUser" time="0.005" classname="TestCases.suitea.CreateUser"/>
  <testcase name="deleteUser" time="0.003" classname="TestCases.suitea.CreateUser"/>
</testsuite> <!-- create user Test -->
